f:\c++ projects\gameobjects\calculator\calculator\x64\debug\vc143.pdb
f:\c++ projects\gameobjects\calculator\calculator\x64\debug\vc143.idb
f:\c++ projects\gameobjects\calculator\calculator\x64\debug\calculator.obj
f:\c++ projects\gameobjects\calculator\calculator\x64\debug\app.obj
f:\c++ projects\gameobjects\calculator\calculator\x64\debug\imgui_impl_opengl3.obj
f:\c++ projects\gameobjects\calculator\calculator\x64\debug\imgui_impl_glfw.obj
f:\c++ projects\gameobjects\calculator\calculator\x64\debug\imgui_demo.obj
f:\c++ projects\gameobjects\calculator\calculator\x64\debug\imgui_widgets.obj
f:\c++ projects\gameobjects\calculator\calculator\x64\debug\imgui_tables.obj
f:\c++ projects\gameobjects\calculator\calculator\x64\debug\imgui_draw.obj
f:\c++ projects\gameobjects\calculator\calculator\x64\debug\imgui.obj
f:\c++ projects\gameobjects\calculator\calculator\x64\debug\glad.obj
f:\c++ projects\gameobjects\calculator\calculator\x64\debug\window.obj
f:\c++ projects\gameobjects\calculator\x64\debug\calculator.exe
f:\c++ projects\gameobjects\calculator\x64\debug\calculator.pdb
f:\c++ projects\gameobjects\calculator\calculator\x64\debug\calculator.ilk
f:\c++ projects\gameobjects\calculator\calculator\x64\debug\calculator.tlog\cl.command.1.tlog
f:\c++ projects\gameobjects\calculator\calculator\x64\debug\calculator.tlog\cl.items.tlog
f:\c++ projects\gameobjects\calculator\calculator\x64\debug\calculator.tlog\cl.read.1.tlog
f:\c++ projects\gameobjects\calculator\calculator\x64\debug\calculator.tlog\cl.write.1.tlog
f:\c++ projects\gameobjects\calculator\calculator\x64\debug\calculator.tlog\link.command.1.tlog
f:\c++ projects\gameobjects\calculator\calculator\x64\debug\calculator.tlog\link.read.1.tlog
f:\c++ projects\gameobjects\calculator\calculator\x64\debug\calculator.tlog\link.secondary.1.tlog
f:\c++ projects\gameobjects\calculator\calculator\x64\debug\calculator.tlog\link.write.1.tlog
